nohup: ignoring input

================ CUDA + Tensor Sweep ================

      Nvec |     iters |  t_iters |     M |     N |     K | Repeats |    CUDA (ms) |  Tensor (ms) | Serialized (ms) | Concurrent (ms)
--------------------------------------------------------------------------------------------------------------------------------------------
       256 |   1500000 |     1000 |    16 |    16 |    16 |       3 |       10.513 |        0.147 |          10.660 |          10.584
       256 |   1500000 |     1000 |    32 |    32 |    32 |       3 |       10.087 |        0.245 |          10.332 |          10.109
       256 |   1500000 |     1000 |    64 |    64 |    64 |       3 |       10.087 |        0.576 |          10.663 |          10.110
       256 |   1500000 |     1000 |   128 |   128 |   128 |       3 |        9.840 |        1.052 |          10.892 |           9.863
       256 |   1500000 |     1000 |   256 |   256 |   256 |       3 |        9.838 |        3.241 |          13.079 |           9.874
       256 |   1500000 |     1000 |   512 |   512 |   512 |       3 |        8.813 |       15.384 |          24.197 |          14.510
       256 |   1500000 |     1000 |  1024 |  1024 |  1024 |       3 |        9.200 |      123.246 |         132.446 |         122.982
       256 |   1500000 |     1000 |  2048 |  2048 |  2048 |       3 |        9.212 |     1128.508 |        1137.720 |        1131.136
       512 |   1500000 |     1000 |    16 |    16 |    16 |       3 |        9.488 |        0.125 |           9.613 |           9.758
       512 |   1500000 |     1000 |    32 |    32 |    32 |       3 |        9.426 |        0.216 |           9.642 |           9.697
       512 |   1500000 |     1000 |    64 |    64 |    64 |       3 |        9.665 |        0.504 |          10.169 |           9.688
       512 |   1500000 |     1000 |   128 |   128 |   128 |       3 |        9.667 |        0.941 |          10.608 |           9.694
       512 |   1500000 |     1000 |   256 |   256 |   256 |       3 |        9.674 |        2.862 |          12.536 |           9.708
       512 |   1500000 |     1000 |   512 |   512 |   512 |       3 |        9.669 |       15.438 |          25.107 |          15.037
       512 |   1500000 |     1000 |  1024 |  1024 |  1024 |       3 |        9.859 |      124.642 |         134.501 |         123.305
       512 |   1500000 |     1000 |  2048 |  2048 |  2048 |       3 |        9.559 |     1132.001 |        1141.560 |        1134.019
      1024 |   1500000 |     1000 |    16 |    16 |    16 |       3 |        9.738 |        0.124 |           9.862 |           9.761
      1024 |   1500000 |     1000 |    32 |    32 |    32 |       3 |        9.746 |        0.218 |           9.964 |           9.768
      1024 |   1500000 |     1000 |    64 |    64 |    64 |       3 |        9.737 |        0.507 |          10.244 |           9.762
      1024 |   1500000 |     1000 |   128 |   128 |   128 |       3 |        9.737 |        0.947 |          10.684 |           9.759
      1024 |   1500000 |     1000 |   256 |   256 |   256 |       3 |        9.747 |        2.755 |          12.502 |           9.783
      1024 |   1500000 |     1000 |   512 |   512 |   512 |       3 |        9.666 |       15.422 |          25.088 |          16.926
      1024 |   1500000 |     1000 |  1024 |  1024 |  1024 |       3 |        9.856 |      124.953 |         134.809 |         123.857
      1024 |   1500000 |     1000 |  2048 |  2048 |  2048 |       3 |        9.922 |     1134.259 |        1144.181 |        1135.609
      4096 |   1500000 |     1000 |    16 |    16 |    16 |       3 |        9.747 |        0.130 |           9.877 |           9.769
      4096 |   1500000 |     1000 |    32 |    32 |    32 |       3 |        9.746 |        0.217 |           9.963 |           9.772
      4096 |   1500000 |     1000 |    64 |    64 |    64 |       3 |        9.737 |        0.507 |          10.244 |           9.761
      4096 |   1500000 |     1000 |   128 |   128 |   128 |       3 |        9.738 |        0.948 |          10.686 |           9.764
      4096 |   1500000 |     1000 |   256 |   256 |   256 |       3 |        9.745 |        3.465 |          13.210 |           9.778
      4096 |   1500000 |     1000 |   512 |   512 |   512 |       3 |       10.605 |       16.959 |          27.564 |          26.980
      4096 |   1500000 |     1000 |  1024 |  1024 |  1024 |       3 |        9.925 |      124.494 |         134.419 |         126.213
      4096 |   1500000 |     1000 |  2048 |  2048 |  2048 |       3 |        9.949 |     1135.770 |        1145.719 |        1136.027
      8192 |   1500000 |     1000 |    16 |    16 |    16 |       3 |        9.819 |        0.129 |           9.948 |           9.843
      8192 |   1500000 |     1000 |    32 |    32 |    32 |       3 |        9.746 |        0.219 |           9.965 |           9.772
      8192 |   1500000 |     1000 |    64 |    64 |    64 |       3 |        9.746 |        0.510 |          10.256 |           9.770
      8192 |   1500000 |     1000 |   128 |   128 |   128 |       3 |        9.739 |        0.947 |          10.686 |           9.760
      8192 |   1500000 |     1000 |   256 |   256 |   256 |       3 |        9.747 |        3.022 |          12.769 |           9.783
      8192 |   1500000 |     1000 |   512 |   512 |   512 |       3 |        9.738 |       15.632 |          25.370 |          26.994
      8192 |   1500000 |     1000 |  1024 |  1024 |  1024 |       3 |        9.923 |      124.113 |         134.036 |         139.433
      8192 |   1500000 |     1000 |  2048 |  2048 |  2048 |       3 |        9.950 |     1139.711 |        1149.661 |        1142.661
     16384 |   1500000 |     1000 |    16 |    16 |    16 |       3 |        9.830 |        0.130 |           9.960 |           9.910
     16384 |   1500000 |     1000 |    32 |    32 |    32 |       3 |        9.825 |        0.221 |          10.046 |           9.920
     16384 |   1500000 |     1000 |    64 |    64 |    64 |       3 |        9.831 |        0.515 |          10.346 |          10.089
     16384 |   1500000 |     1000 |   128 |   128 |   128 |       3 |        9.821 |        0.958 |          10.779 |          13.158
     16384 |   1500000 |     1000 |   256 |   256 |   256 |       3 |        9.760 |        2.547 |          12.307 |          17.227
     16384 |   1500000 |     1000 |   512 |   512 |   512 |       3 |        9.891 |       15.837 |          25.728 |          27.266
     16384 |   1500000 |     1000 |  1024 |  1024 |  1024 |       3 |        9.943 |      124.954 |         134.897 |         136.758
     16384 |   1500000 |     1000 |  2048 |  2048 |  2048 |       3 |       10.116 |     1141.231 |        1151.347 |        1138.848
     32768 |   1500000 |     1000 |    16 |    16 |    16 |       3 |       15.465 |        0.130 |          15.595 |          15.777
     32768 |   1500000 |     1000 |    32 |    32 |    32 |       3 |       15.585 |        0.231 |          15.816 |          15.710
     32768 |   1500000 |     1000 |    64 |    64 |    64 |       3 |       15.403 |        0.532 |          15.935 |          16.175
     32768 |   1500000 |     1000 |   128 |   128 |   128 |       3 |       15.630 |        1.012 |          16.642 |          19.378
     32768 |   1500000 |     1000 |   256 |   256 |   256 |       3 |       15.376 |        2.647 |          18.023 |          23.616
     32768 |   1500000 |     1000 |   512 |   512 |   512 |       3 |       15.502 |       16.196 |          31.698 |          33.239
     32768 |   1500000 |     1000 |  1024 |  1024 |  1024 |       3 |       15.480 |      126.148 |         141.628 |         141.952
     32768 |   1500000 |     1000 |  2048 |  2048 |  2048 |       3 |       15.583 |     1143.261 |        1158.844 |        1145.636
     40000 |   1500000 |     1000 |    16 |    16 |    16 |       3 |       16.213 |        0.140 |          16.353 |          16.336
     40000 |   1500000 |     1000 |    32 |    32 |    32 |       3 |       16.027 |        0.238 |          16.265 |          16.336
/usr/local/lib/python3.10/dist-packages/matplotlib/projections/__init__.py:63: UserWarning: Unable to import Axes3D. This may be due to multiple versions of Matplotlib being installed (e.g. as a system package and as a pip package). As a result, the 3D projection is not available.
  warnings.warn("Unable to import Axes3D. This may be due to multiple versions of "
Saved: combined_plots/2025-12-05_08-36-20/individual_plots/runtime_Nvec_256.png
Saved: combined_plots/2025-12-05_08-36-20/individual_plots/speedup_Nvec_256.png
Saved: combined_plots/2025-12-05_08-36-20/individual_plots/runtime_Nvec_512.png
Saved: combined_plots/2025-12-05_08-36-20/individual_plots/speedup_Nvec_512.png
Saved: combined_plots/2025-12-05_08-36-20/individual_plots/runtime_Nvec_1024.png
Saved: combined_plots/2025-12-05_08-36-20/individual_plots/speedup_Nvec_1024.png
Saved: combined_plots/2025-12-05_08-36-20/individual_plots/runtime_Nvec_4096.png
Saved: combined_plots/2025-12-05_08-36-20/individual_plots/speedup_Nvec_4096.png
Saved: combined_plots/2025-12-05_08-36-20/individual_plots/runtime_Nvec_8192.png
Saved: combined_plots/2025-12-05_08-36-20/individual_plots/speedup_Nvec_8192.png
Saved: combined_plots/2025-12-05_08-36-20/individual_plots/runtime_Nvec_16384.png
Saved: combined_plots/2025-12-05_08-36-20/individual_plots/speedup_Nvec_16384.png
Saved: combined_plots/2025-12-05_08-36-20/individual_plots/runtime_Nvec_32768.png
Saved: combined_plots/2025-12-05_08-36-20/individual_plots/speedup_Nvec_32768.png
Saved: combined_plots/2025-12-05_08-36-20/individual_plots/runtime_Nvec_40000.png
Saved: combined_plots/2025-12-05_08-36-20/individual_plots/speedup_Nvec_40000.png
Saved: combined_plots/2025-12-05_08-36-20/individual_plots/runtime_Nvec_50000.png
Saved: combined_plots/2025-12-05_08-36-20/individual_plots/speedup_Nvec_50000.png
Saved: combined_plots/2025-12-05_08-36-20/individual_plots/runtime_Nvec_65536.png
Saved: combined_plots/2025-12-05_08-36-20/individual_plots/speedup_Nvec_65536.png
Saved: combined_plots/2025-12-05_08-36-20/individual_plots/runtime_Nvec_131072.png
Saved: combined_plots/2025-12-05_08-36-20/individual_plots/speedup_Nvec_131072.png
Saved: combined_plots/2025-12-05_08-36-20/individual_plots/runtime_Nvec_262144.png
Saved: combined_plots/2025-12-05_08-36-20/individual_plots/speedup_Nvec_262144.png
Saved: combined_plots/2025-12-05_08-36-20/individual_plots/runtime_Nvec_524288.png
Saved: combined_plots/2025-12-05_08-36-20/individual_plots/speedup_Nvec_524288.png
Saved: combined_plots/2025-12-05_08-36-20/individual_plots/runtime_Nvec_1048576.png
Saved: combined_plots/2025-12-05_08-36-20/individual_plots/speedup_Nvec_1048576.png
Saved combined grid: combined_plots/2025-12-05_08-36-20/runtime_speedup_grid.png
Saved heatmap: combined_plots/2025-12-05_08-36-20/heatmap_speedup.png
     40000 |   1500000 |     1000 |    64 |    64 |    64 |       3 |       16.117 |        0.560 |          16.677 |          16.938
     40000 |   1500000 |     1000 |   128 |   128 |   128 |       3 |       15.879 |        1.041 |          16.920 |          19.949
     40000 |   1500000 |     1000 |   256 |   256 |   256 |       3 |       15.903 |        3.413 |          19.316 |          24.590
     40000 |   1500000 |     1000 |   512 |   512 |   512 |       3 |       15.937 |       16.730 |          32.667 |          34.036
     40000 |   1500000 |     1000 |  1024 |  1024 |  1024 |       3 |       15.821 |      127.370 |         143.191 |         143.200
     40000 |   1500000 |     1000 |  2048 |  2048 |  2048 |       3 |       15.855 |     1145.425 |        1161.280 |        1138.998
     50000 |   1500000 |     1000 |    16 |    16 |    16 |       3 |       24.058 |        0.134 |          24.192 |          24.531
     50000 |   1500000 |     1000 |    32 |    32 |    32 |       3 |       24.243 |        0.231 |          24.474 |          24.421
     50000 |   1500000 |     1000 |    64 |    64 |    64 |       3 |       24.336 |        0.547 |          24.883 |          24.315
     50000 |   1500000 |     1000 |   128 |   128 |   128 |       3 |       24.288 |        1.024 |          25.312 |          24.329
     50000 |   1500000 |     1000 |   256 |   256 |   256 |       3 |       24.057 |        4.443 |          28.500 |          31.704
     50000 |   1500000 |     1000 |   512 |   512 |   512 |       3 |       24.110 |       16.282 |          40.392 |          41.813
     50000 |   1500000 |     1000 |  1024 |  1024 |  1024 |       3 |       24.168 |      127.128 |         151.296 |         158.227
     50000 |   1500000 |     1000 |  2048 |  2048 |  2048 |       3 |       24.313 |     1150.279 |        1174.592 |        1160.794
     65536 |   1500000 |     1000 |    16 |    16 |    16 |       3 |       31.685 |        0.141 |          31.826 |          32.135
     65536 |   1500000 |     1000 |    32 |    32 |    32 |       3 |       31.732 |        0.246 |          31.978 |          31.958
     65536 |   1500000 |     1000 |    64 |    64 |    64 |       3 |       31.558 |        0.569 |          32.127 |          31.876
     65536 |   1500000 |     1000 |   128 |   128 |   128 |       3 |       31.525 |        1.068 |          32.593 |          31.885
     65536 |   1500000 |     1000 |   256 |   256 |   256 |       3 |       31.396 |        2.760 |          34.156 |          32.934
     65536 |   1500000 |     1000 |   512 |   512 |   512 |       3 |       31.484 |       16.498 |          47.982 |          49.452
     65536 |   1500000 |     1000 |  1024 |  1024 |  1024 |       3 |       31.132 |      127.098 |         158.230 |         157.747
     65536 |   1500000 |     1000 |  2048 |  2048 |  2048 |       3 |       31.731 |     1150.602 |        1182.333 |        1164.264
    131072 |   1500000 |     1000 |    16 |    16 |    16 |       3 |       56.342 |        0.143 |          56.485 |          56.593
    131072 |   1500000 |     1000 |    32 |    32 |    32 |       3 |       56.274 |        0.249 |          56.523 |          56.335
    131072 |   1500000 |     1000 |    64 |    64 |    64 |       3 |       56.339 |        0.578 |          56.917 |          56.415
    131072 |   1500000 |     1000 |   128 |   128 |   128 |       3 |       56.375 |        1.074 |          57.449 |          56.414
    131072 |   1500000 |     1000 |   256 |   256 |   256 |       3 |       56.325 |        2.891 |          59.216 |          57.254
    131072 |   1500000 |     1000 |   512 |   512 |   512 |       3 |       55.989 |       17.018 |          73.007 |          74.423
    131072 |   1500000 |     1000 |  1024 |  1024 |  1024 |       3 |       55.925 |      128.244 |         184.169 |         187.185
    131072 |   1500000 |     1000 |  2048 |  2048 |  2048 |       3 |       56.080 |     1152.977 |        1209.057 |        1195.616
    262144 |   1500000 |     1000 |    16 |    16 |    16 |       3 |      104.408 |        0.143 |         104.551 |         104.215
    262144 |   1500000 |     1000 |    32 |    32 |    32 |       3 |      104.253 |        0.248 |         104.501 |         104.642
    262144 |   1500000 |     1000 |    64 |    64 |    64 |       3 |      104.402 |        0.582 |         104.984 |         104.750
    262144 |   1500000 |     1000 |   128 |   128 |   128 |       3 |      104.497 |        1.084 |         105.581 |         104.656
    262144 |   1500000 |     1000 |   256 |   256 |   256 |       3 |      104.458 |        2.944 |         107.402 |         112.913
    262144 |   1500000 |     1000 |   512 |   512 |   512 |       3 |      104.139 |       17.228 |         121.367 |         123.054
    262144 |   1500000 |     1000 |  1024 |  1024 |  1024 |       3 |      104.002 |      131.041 |         235.043 |         244.575
    262144 |   1500000 |     1000 |  2048 |  2048 |  2048 |       3 |      104.167 |     1158.541 |        1262.708 |        1248.295
    524288 |   1500000 |     1000 |    16 |    16 |    16 |       3 |      209.993 |        0.143 |         210.136 |         210.651
    524288 |   1500000 |     1000 |    32 |    32 |    32 |       3 |      210.087 |        0.250 |         210.337 |         211.383
    524288 |   1500000 |     1000 |    64 |    64 |    64 |       3 |      210.112 |        0.597 |         210.709 |         211.906
    524288 |   1500000 |     1000 |   128 |   128 |   128 |       3 |      210.311 |        1.131 |         211.442 |         212.264
    524288 |   1500000 |     1000 |   256 |   256 |   256 |       3 |      210.582 |        2.921 |         213.503 |         221.341
    524288 |   1500000 |     1000 |   512 |   512 |   512 |       3 |      210.760 |       17.942 |         228.702 |         230.979
    524288 |   1500000 |     1000 |  1024 |  1024 |  1024 |       3 |      212.877 |      130.764 |         343.641 |         357.087
    524288 |   1500000 |     1000 |  2048 |  2048 |  2048 |       3 |      211.433 |     1171.243 |        1382.676 |        1398.036
   1048576 |   1500000 |     1000 |    16 |    16 |    16 |       3 |      424.794 |        0.147 |         424.941 |         428.382
   1048576 |   1500000 |     1000 |    32 |    32 |    32 |       3 |      427.874 |        0.257 |         428.131 |         437.547
   1048576 |   1500000 |     1000 |    64 |    64 |    64 |       3 |      438.681 |        0.620 |         439.301 |         448.352
   1048576 |   1500000 |     1000 |   128 |   128 |   128 |       3 |      440.431 |        1.178 |         441.609 |         449.467
   1048576 |   1500000 |     1000 |   256 |   256 |   256 |       3 |      439.303 |        3.134 |         442.437 |         452.869
   1048576 |   1500000 |     1000 |   512 |   512 |   512 |       3 |      438.816 |       18.101 |         456.917 |         471.642
   1048576 |   1500000 |     1000 |  1024 |  1024 |  1024 |       3 |      432.333 |      138.173 |         570.506 |         569.458
   1048576 |   1500000 |     1000 |  2048 |  2048 |  2048 |       3 |      429.356 |     1181.067 |        1610.423 |        1659.643

Results saved to: results.csv

